<?xml version="1.0" encoding="UTF-8"?>
<testsuite xmlns:xsi="http://www.w3.org/2001/XMLSchema-instance" xsi:noNamespaceSchemaLocation="https://maven.apache.org/surefire/maven-surefire-plugin/xsd/surefire-test-report-3.0.xsd" version="3.0" name="com.whatsappClone.WhatsappCloneApplicationTests" time="9.023" tests="1" errors="0" skipped="0" failures="0">
  <properties>
[...]
</properties>
  <testcase name="contextLoads" classname="com.whatsappClone.WhatsappCloneApplicationTests" time="0.69">
    <system-out><![CDATA[11:56:01.353 [main] INFO org.springframework.test.context.support.AnnotationConfigContextLoaderUtils -- Could not detect default configuration classes for test class [com.whatsappClone.WhatsappCloneApplicationTests]: WhatsappCloneApplicationTests does not declare any static, non-private, non-final, nested classes annotated with @Configuration.
11:56:01.494 [main] INFO org.springframework.boot.test.context.SpringBootTestContextBootstrapper -- Found @SpringBootConfiguration com.whatsappClone.WhatsappCloneApplication for test class com.whatsappClone.WhatsappCloneApplicationTests

  .   ____          _            __ _ _
 /\\ / ___'_ __ _ _(_)_ __  __ _ \ \ \ \
( ( )\___ | '_ | '_| | '_ \/ _` | \ \ \ \
 \\/  ___)| |_)| | | | | || (_| |  ) ) ) )
  '  |____| .__|_| |_|_| |_\__, | / / / /
 =========|_|==============|___/=/_/_/_/
 :: Spring Boot ::                (v3.1.3)

2024-05-19T11:56:02.186+05:30  INFO 13356 --- [           main] c.w.WhatsappCloneApplicationTests        : Starting WhatsappCloneApplicationTests using Java 21.0.3 with PID 13356 (started by aayus in D:\web dev\Whatsapp-clone-main\Whatsapp-clone-main\backend)
2024-05-19T11:56:02.187+05:30  INFO 13356 --- [           main] c.w.WhatsappCloneApplicationTests        : No active profile set, falling back to 1 default profile: "default"
2024-05-19T11:56:04.004+05:30  INFO 13356 --- [           main] .s.d.r.c.RepositoryConfigurationDelegate : Bootstrapping Spring Data JPA repositories in DEFAULT mode.
2024-05-19T11:56:04.136+05:30  INFO 13356 --- [           main] .s.d.r.c.RepositoryConfigurationDelegate : Finished Spring Data repository scanning in 111 ms. Found 3 JPA repository interfaces.
2024-05-19T11:56:04.931+05:30  INFO 13356 --- [           main] o.hibernate.jpa.internal.util.LogHelper  : HHH000204: Processing PersistenceUnitInfo [name: default]
2024-05-19T11:56:05.007+05:30  INFO 13356 --- [           main] org.hibernate.Version                    : HHH000412: Hibernate ORM core version 6.2.7.Final
2024-05-19T11:56:05.007+05:30  INFO 13356 --- [           main] org.hibernate.cfg.Environment            : HHH000406: Using bytecode reflection optimizer
2024-05-19T11:56:05.264+05:30  INFO 13356 --- [           main] o.h.b.i.BytecodeProviderInitiator        : HHH000021: Bytecode provider name : bytebuddy
2024-05-19T11:56:05.482+05:30  INFO 13356 --- [           main] o.s.o.j.p.SpringPersistenceUnitInfo      : No LoadTimeWeaver setup: ignoring JPA class transformer
2024-05-19T11:56:05.507+05:30  INFO 13356 --- [           main] com.zaxxer.hikari.HikariDataSource       : HikariPool-1 - Starting...
2024-05-19T11:56:05.794+05:30  INFO 13356 --- [           main] com.zaxxer.hikari.pool.HikariPool        : HikariPool-1 - Added connection com.mysql.cj.jdbc.ConnectionImpl@37d0d373
2024-05-19T11:56:05.794+05:30  INFO 13356 --- [           main] com.zaxxer.hikari.HikariDataSource       : HikariPool-1 - Start completed.
2024-05-19T11:56:05.873+05:30  WARN 13356 --- [           main] org.hibernate.dialect.Dialect            : HHH000511: The 5.5.0 version for [org.hibernate.dialect.MySQLDialect] is no longer supported, hence certain features may not work properly. The minimum supported version is 5.7.0. Check the community dialects project for available legacy versions.
2024-05-19T11:56:06.159+05:30  INFO 13356 --- [           main] o.h.b.i.BytecodeProviderInitiator        : HHH000021: Bytecode provider name : bytebuddy
2024-05-19T11:56:06.895+05:30  INFO 13356 --- [           main] o.h.e.t.j.p.i.JtaPlatformInitiator       : HHH000490: Using JtaPlatform implementation: [org.hibernate.engine.transaction.jta.platform.internal.NoJtaPlatform]
Hibernate: create table chat (id integer not null, chat_image varchar(255), chat_name varchar(255), is_group bit not null, created_by_id integer, primary key (id)) engine=InnoDB
Hibernate: create table chat_admins (chat_id integer not null, admins_id integer not null, primary key (chat_id, admins_id)) engine=InnoDB
Hibernate: create table chat_messages (chat_id integer not null, messages_id integer not null) engine=InnoDB
Hibernate: create table chat_seq (next_val bigint) engine=InnoDB
Hibernate: insert into chat_seq values ( 1 )
Hibernate: create table chat_users (chat_id integer not null, users_id integer not null, primary key (chat_id, users_id)) engine=InnoDB
Hibernate: create table message (id integer not null, content varchar(255), timestamp datetime(6), chat_id integer, user_id integer, primary key (id)) engine=InnoDB
Hibernate: create table message_seq (next_val bigint) engine=InnoDB
Hibernate: insert into message_seq values ( 1 )
Hibernate: create table user (id integer not null, email varchar(255), name varchar(255), password varchar(255), profile varchar(255), primary key (id)) engine=InnoDB
Hibernate: create table user_seq (next_val bigint) engine=InnoDB
Hibernate: insert into user_seq values ( 1 )
Hibernate: alter table chat_messages drop index UK_mrq0rmc439okhdws2rxsjjhdn
Hibernate: alter table chat_messages add constraint UK_mrq0rmc439okhdws2rxsjjhdn unique (messages_id)
Hibernate: alter table chat add constraint FKds30bdlxa8vue34670gt1wf4a foreign key (created_by_id) references user (id)
Hibernate: alter table chat_admins add constraint FK8lcla1hr0h62iupue0bktbspq foreign key (admins_id) references user (id)
Hibernate: alter table chat_admins add constraint FKeydw0v7ghfwnmaecvlhx9rjs6 foreign key (chat_id) references chat (id)
Hibernate: alter table chat_messages add constraint FKjtlh6un2reea4nsgktq7qtao0 foreign key (messages_id) references message (id)
Hibernate: alter table chat_messages add constraint FKb27mi3082eolv7k6tavhgq3wc foreign key (chat_id) references chat (id)
Hibernate: alter table chat_users add constraint FKorvljukoxcj3j8l0vryq2sme5 foreign key (users_id) references user (id)
Hibernate: alter table chat_users add constraint FKglok2i2m8cbulbt5xxmfqixw3 foreign key (chat_id) references chat (id)
Hibernate: alter table message add constraint FKmejd0ykokrbuekwwgd5a5xt8a foreign key (chat_id) references chat (id)
Hibernate: alter table message add constraint FKb3y6etti1cfougkdr0qiiemgv foreign key (user_id) references user (id)
2024-05-19T11:56:07.354+05:30  INFO 13356 --- [           main] j.LocalContainerEntityManagerFactoryBean : Initialized JPA EntityManagerFactory for persistence unit 'default'
2024-05-19T11:56:07.738+05:30  INFO 13356 --- [           main] o.s.d.j.r.query.QueryEnhancerFactory     : Hibernate is in classpath; If applicable, HQL parser will be used.
2024-05-19T11:56:08.412+05:30  WARN 13356 --- [           main] JpaBaseConfiguration$JpaWebConfiguration : spring.jpa.open-in-view is enabled by default. Therefore, database queries may be performed during view rendering. Explicitly configure spring.jpa.open-in-view to disable this warning
2024-05-19T11:56:08.641+05:30  INFO 13356 --- [           main] o.s.s.web.DefaultSecurityFilterChain     : Will secure any request with [org.springframework.security.web.session.DisableEncodeUrlFilter@3687f6b6, org.springframework.security.web.context.request.async.WebAsyncManagerIntegrationFilter@521e34d4, org.springframework.security.web.context.SecurityContextHolderFilter@72d2470, org.springframework.security.web.header.HeaderWriterFilter@18a9e8db, org.springframework.web.filter.CorsFilter@49c74506, org.springframework.security.web.authentication.logout.LogoutFilter@63bdf82d, org.springframework.security.web.authentication.UsernamePasswordAuthenticationFilter@2806fe58, org.springframework.security.web.authentication.ui.DefaultLoginPageGeneratingFilter@43851574, org.springframework.security.web.authentication.ui.DefaultLogoutPageGeneratingFilter@2be9add0, com.whatsappClone.config.JwtValidator@2252dc5d, org.springframework.security.web.authentication.www.BasicAuthenticationFilter@4ff5711b, org.springframework.security.web.savedrequest.RequestCacheAwareFilter@609f136b, org.springframework.security.web.servletapi.SecurityContextHolderAwareRequestFilter@4194a77f, org.springframework.security.web.authentication.AnonymousAuthenticationFilter@149e457, org.springframework.security.web.session.SessionManagementFilter@3e455d01, org.springframework.security.web.access.ExceptionTranslationFilter@70c68e4e, org.springframework.security.web.access.intercept.AuthorizationFilter@11fb4f69]
2024-05-19T11:56:09.400+05:30  INFO 13356 --- [           main] o.s.m.s.b.SimpleBrokerMessageHandler     : Starting...
2024-05-19T11:56:09.415+05:30  INFO 13356 --- [           main] o.s.m.s.b.SimpleBrokerMessageHandler     : BrokerAvailabilityEvent[available=true, SimpleBrokerMessageHandler [org.springframework.messaging.simp.broker.DefaultSubscriptionRegistry@3d70dab8]]
2024-05-19T11:56:09.415+05:30  INFO 13356 --- [           main] o.s.m.s.b.SimpleBrokerMessageHandler     : Started.
2024-05-19T11:56:09.424+05:30  INFO 13356 --- [           main] c.w.WhatsappCloneApplicationTests        : Started WhatsappCloneApplicationTests in 7.717 seconds (process running for 9.264)
]]></system-out>
    <system-err><![CDATA[WARNING: A Java agent has been loaded dynamically (C:\Users\aayus\.m2\repository\net\bytebuddy\byte-buddy-agent\1.14.6\byte-buddy-agent-1.14.6.jar)
WARNING: If a serviceability tool is in use, please run with -XX:+EnableDynamicAgentLoading to hide this warning
WARNING: If a serviceability tool is not in use, please run with -Djdk.instrument.traceUsage for more information
WARNING: Dynamic loading of agents will be disallowed by default in a future release
]]></system-err>
  </testcase>
</testsuite>